
  .   ____          _            __ _ _
 /\\ / ___'_ __ _ _(_)_ __  __ _ \ \ \ \
( ( )\___ | '_ | '_| | '_ \/ _` | \ \ \ \
 \\/  ___)| |_)| | | | | || (_| |  ) ) ) )
  '  |____| .__|_| |_|_| |_\__, | / / / /
 =========|_|==============|___/=/_/_/_/

 :: Spring Boot ::                (v4.0.5)

2026-04-08T15:55:26.957+01:00  INFO 21680 --- [gestion_livres] [           main] m.s.SystemeGestionBibliotheueApplication : Starting SystemeGestionBibliotheueApplication using Java 21.0.10 with PID 21680 (C:\Users\khali\Desktop\poo java\Systeme-gestion-bibliotheue\target\classes started by khali in C:\Users\khali\Desktop\poo java\Systeme-gestion-bibliotheue)
2026-04-08T15:55:26.961+01:00  INFO 21680 --- [gestion_livres] [           main] m.s.SystemeGestionBibliotheueApplication : No active profile set, falling back to 1 default profile: "default"
2026-04-08T15:55:27.899+01:00  INFO 21680 --- [gestion_livres] [           main] .s.d.r.c.RepositoryConfigurationDelegate : Bootstrapping Spring Data JPA repositories in DEFAULT mode.
2026-04-08T15:55:27.982+01:00  INFO 21680 --- [gestion_livres] [           main] .s.d.r.c.RepositoryConfigurationDelegate : Finished Spring Data repository scanning in 71 ms. Found 3 JPA repository interfaces.
2026-04-08T15:55:28.627+01:00  INFO 21680 --- [gestion_livres] [           main] o.s.boot.tomcat.TomcatWebServer          : Tomcat initialized with port 8083 (http)
2026-04-08T15:55:28.647+01:00  INFO 21680 --- [gestion_livres] [           main] o.apache.catalina.core.StandardService   : Starting service [Tomcat]
2026-04-08T15:55:28.648+01:00  INFO 21680 --- [gestion_livres] [           main] o.apache.catalina.core.StandardEngine    : Starting Servlet engine: [Apache Tomcat/11.0.20]
2026-04-08T15:55:28.722+01:00  INFO 21680 --- [gestion_livres] [           main] b.w.c.s.WebApplicationContextInitializer : Root WebApplicationContext: initialization completed in 1676 ms
2026-04-08T15:55:28.966+01:00  INFO 21680 --- [gestion_livres] [           main] org.hibernate.orm.jpa                    : HHH008540: Processing PersistenceUnitInfo [name: default]
2026-04-08T15:55:29.063+01:00  INFO 21680 --- [gestion_livres] [           main] org.hibernate.orm.core                   : HHH000001: Hibernate ORM core version 7.2.7.Final
2026-04-08T15:55:29.718+01:00  INFO 21680 --- [gestion_livres] [           main] o.s.o.j.p.SpringPersistenceUnitInfo      : No LoadTimeWeaver setup: ignoring JPA class transformer
2026-04-08T15:55:29.768+01:00  INFO 21680 --- [gestion_livres] [           main] com.zaxxer.hikari.HikariDataSource       : HikariPool-1 - Starting...
2026-04-08T15:55:30.026+01:00  INFO 21680 --- [gestion_livres] [           main] com.zaxxer.hikari.pool.HikariPool        : HikariPool-1 - Added connection com.mysql.cj.jdbc.ConnectionImpl@717a8a76
2026-04-08T15:55:30.028+01:00  INFO 21680 --- [gestion_livres] [           main] com.zaxxer.hikari.HikariDataSource       : HikariPool-1 - Start completed.
2026-04-08T15:55:30.105+01:00  WARN 21680 --- [gestion_livres] [           main] org.hibernate.orm.core                   : HHH000511: The 5.5.5 version for [org.hibernate.dialect.MySQLDialect] is no longer supported, hence certain features may not work properly.The minimum supported version is 8.0.0. Check the community dialects project for available legacy versions.
2026-04-08T15:55:30.135+01:00  INFO 21680 --- [gestion_livres] [           main] org.hibernate.orm.connections.pooling    : HHH10001005: Database info:
	Database JDBC URL [jdbc:mysql://localhost:3306/gestion_livres?createDatabaseIfNotExist=true&serverTimezone=UTC]
	Database driver: MySQL Connector/J
	Database dialect: MySQLDialect
	Database version: 5.5.5
	Default catalog/schema: gestion_livres/undefined
	Autocommit mode: undefined/unknown
	Isolation level: REPEATABLE_READ [default REPEATABLE_READ]
	JDBC fetch size: none
	Pool: DataSourceConnectionProvider
	Minimum pool size: undefined/unknown
	Maximum pool size: undefined/unknown
2026-04-08T15:55:31.317+01:00  INFO 21680 --- [gestion_livres] [           main] org.hibernate.orm.core                   : HHH000489: No JTA platform available (set 'hibernate.transaction.jta.platform' to enable JTA platform integration)
2026-04-08T15:55:31.433+01:00  INFO 21680 --- [gestion_livres] [           main] j.LocalContainerEntityManagerFactoryBean : Initialized JPA EntityManagerFactory for persistence unit 'default'
2026-04-08T15:55:31.541+01:00  INFO 21680 --- [gestion_livres] [           main] o.s.d.j.r.query.QueryEnhancerFactories   : Hibernate is in classpath; If applicable, HQL parser will be used.
2026-04-08T15:55:31.989+01:00  WARN 21680 --- [gestion_livres] [           main] JpaBaseConfiguration$JpaWebConfiguration : spring.jpa.open-in-view is enabled by default. Therefore, database queries may be performed during view rendering. Explicitly configure spring.jpa.open-in-view to disable this warning
2026-04-08T15:55:32.018+01:00  INFO 21680 --- [gestion_livres] [           main] o.s.b.w.a.WelcomePageHandlerMapping      : Adding welcome page: class path resource [static/index.html]
2026-04-08T15:55:32.417+01:00  INFO 21680 --- [gestion_livres] [           main] o.s.boot.tomcat.TomcatWebServer          : Tomcat started on port 8083 (http) with context path '/'
2026-04-08T15:55:32.424+01:00  INFO 21680 --- [gestion_livres] [           main] m.s.SystemeGestionBibliotheueApplication : Started SystemeGestionBibliotheueApplication in 6.19 seconds (process running for 6.811)
2026-04-08T15:56:02.570+01:00  INFO 21680 --- [gestion_livres] [nio-8083-exec-1] o.a.c.c.C.[Tomcat].[localhost].[/]       : Initializing Spring DispatcherServlet 'dispatcherServlet'
2026-04-08T15:56:02.572+01:00  INFO 21680 --- [gestion_livres] [nio-8083-exec-1] o.s.web.servlet.DispatcherServlet        : Initializing Servlet 'dispatcherServlet'
2026-04-08T15:56:02.577+01:00  INFO 21680 --- [gestion_livres] [nio-8083-exec-1] o.s.web.servlet.DispatcherServlet        : Completed initialization in 4 ms
Hibernate: 
    select
        l1_0.id,
        l1_0.auteur,
        l1_0.categorie,
        l1_0.isbn,
        l1_0.titre 
    from
        livres l1_0 
    order by
        l1_0.id
Hibernate: 
    select
        e1_0.id,
        e1_0.date_emprunt,
        e1_0.date_retour,
        e1_0.livre_id,
        e1_0.utilisateur_id 
    from
        emprunts e1_0 
    where
        e1_0.date_retour<=?
Hibernate: 
    select
        e1_0.id,
        e1_0.date_emprunt,
        e1_0.date_retour,
        e1_0.livre_id,
        e1_0.utilisateur_id 
    from
        emprunts e1_0 
    order by
        e1_0.id
Hibernate: 
    select
        l1_0.id,
        l1_0.auteur,
        l1_0.categorie,
        l1_0.isbn,
        l1_0.titre 
    from
        livres l1_0 
    order by
        l1_0.id
Hibernate: 
    select
        e1_0.id,
        e1_0.date_emprunt,
        e1_0.date_retour,
        e1_0.livre_id,
        e1_0.utilisateur_id 
    from
        emprunts e1_0 
    where
        e1_0.date_retour<=?
Hibernate: 
    select
        e1_0.id,
        e1_0.date_emprunt,
        e1_0.date_retour,
        e1_0.livre_id,
        e1_0.utilisateur_id 
    from
        emprunts e1_0 
    order by
        e1_0.id
Hibernate: 
    select
        e1_0.id,
        e1_0.date_emprunt,
        e1_0.date_retour,
        e1_0.livre_id,
        e1_0.utilisateur_id 
    from
        emprunts e1_0 
    where
        e1_0.livre_id=?
Hibernate: 
    select
        l1_0.id,
        l1_0.auteur,
        l1_0.categorie,
        l1_0.isbn,
        l1_0.titre 
    from
        livres l1_0 
    where
        l1_0.id=?
Hibernate: 
    delete 
    from
        livres 
    where
        id=?
Hibernate: 
    select
        e1_0.id,
        e1_0.date_emprunt,
        e1_0.date_retour,
        e1_0.livre_id,
        e1_0.utilisateur_id 
    from
        emprunts e1_0 
    where
        e1_0.date_retour<=?
Hibernate: 
    select
        l1_0.id,
        l1_0.auteur,
        l1_0.categorie,
        l1_0.isbn,
        l1_0.titre 
    from
        livres l1_0 
    order by
        l1_0.id
Hibernate: 
    select
        e1_0.id,
        e1_0.date_emprunt,
        e1_0.date_retour,
        e1_0.livre_id,
        e1_0.utilisateur_id 
    from
        emprunts e1_0 
    order by
        e1_0.id
Hibernate: 
    select
        l1_0.id,
        l1_0.auteur,
        l1_0.categorie,
        l1_0.isbn,
        l1_0.titre 
    from
        livres l1_0 
    where
        l1_0.id=?
Hibernate: 
    select
        l1_0.id 
    from
        livres l1_0 
    where
        l1_0.isbn=? 
        and l1_0.id<>? 
    limit
        ?
Hibernate: 
    select
        e1_0.id,
        e1_0.date_emprunt,
        e1_0.date_retour,
        e1_0.livre_id,
        e1_0.utilisateur_id 
    from
        emprunts e1_0 
    where
        e1_0.date_retour<=?
Hibernate: 
    select
        u1_0.id,
        u1_0.adresse,
        u1_0.email,
        u1_0.mot_de_passe,
        u1_0.nom,
        u1_0.telephone 
    from
        utilisateurs u1_0 
    where
        u1_0.id=?
Hibernate: 
    select
        e1_0.id,
        e1_0.date_emprunt,
        e1_0.date_retour,
        e1_0.livre_id,
        e1_0.utilisateur_id 
    from
        emprunts e1_0 
    where
        e1_0.livre_id=?
Hibernate: 
    update
        livres 
    set
        auteur=?,
        categorie=?,
        isbn=?,
        titre=? 
    where
        id=?
Hibernate: 
    select
        e1_0.id,
        e1_0.date_emprunt,
        e1_0.date_retour,
        e1_0.livre_id,
        e1_0.utilisateur_id 
    from
        emprunts e1_0 
    where
        e1_0.date_retour<=?
Hibernate: 
    select
        l1_0.id,
        l1_0.auteur,
        l1_0.categorie,
        l1_0.isbn,
        l1_0.titre 
    from
        livres l1_0 
    order by
        l1_0.id
Hibernate: 
    select
        e1_0.id,
        e1_0.date_emprunt,
        e1_0.date_retour,
        e1_0.livre_id,
        e1_0.utilisateur_id 
    from
        emprunts e1_0 
    order by
        e1_0.id
Hibernate: 
    select
        e1_0.id,
        e1_0.date_emprunt,
        e1_0.date_retour,
        e1_0.livre_id,
        e1_0.utilisateur_id 
    from
        emprunts e1_0 
    where
        e1_0.date_retour<=?
Hibernate: 
    select
        l1_0.id,
        l1_0.auteur,
        l1_0.categorie,
        l1_0.isbn,
        l1_0.titre 
    from
        livres l1_0 
    order by
        l1_0.id
Hibernate: 
    select
        e1_0.id,
        e1_0.date_emprunt,
        e1_0.date_retour,
        e1_0.livre_id,
        e1_0.utilisateur_id 
    from
        emprunts e1_0 
    order by
        e1_0.id
