
  .   ____          _            __ _ _
 /\\ / ___'_ __ _ _(_)_ __  __ _ \ \ \ \
( ( )\___ | '_ | '_| | '_ \/ _` | \ \ \ \
 \\/  ___)| |_)| | | | | || (_| |  ) ) ) )
  '  |____| .__|_| |_|_| |_\__, | / / / /
 =========|_|==============|___/=/_/_/_/

 :: Spring Boot ::                (v4.0.5)

2026-04-08T15:47:55.744+01:00  INFO 19868 --- [gestion_livres] [           main] m.s.SystemeGestionBibliotheueApplication : Starting SystemeGestionBibliotheueApplication using Java 21.0.10 with PID 19868 (C:\Users\khali\Desktop\poo java\Systeme-gestion-bibliotheue\target\classes started by khali in C:\Users\khali\Desktop\poo java\Systeme-gestion-bibliotheue)
2026-04-08T15:47:55.749+01:00  INFO 19868 --- [gestion_livres] [           main] m.s.SystemeGestionBibliotheueApplication : No active profile set, falling back to 1 default profile: "default"
2026-04-08T15:47:56.585+01:00  INFO 19868 --- [gestion_livres] [           main] .s.d.r.c.RepositoryConfigurationDelegate : Bootstrapping Spring Data JPA repositories in DEFAULT mode.
2026-04-08T15:47:56.665+01:00  INFO 19868 --- [gestion_livres] [           main] .s.d.r.c.RepositoryConfigurationDelegate : Finished Spring Data repository scanning in 68 ms. Found 3 JPA repository interfaces.
2026-04-08T15:47:57.255+01:00  INFO 19868 --- [gestion_livres] [           main] o.s.boot.tomcat.TomcatWebServer          : Tomcat initialized with port 8083 (http)
2026-04-08T15:47:57.278+01:00  INFO 19868 --- [gestion_livres] [           main] o.apache.catalina.core.StandardService   : Starting service [Tomcat]
2026-04-08T15:47:57.278+01:00  INFO 19868 --- [gestion_livres] [           main] o.apache.catalina.core.StandardEngine    : Starting Servlet engine: [Apache Tomcat/11.0.20]
2026-04-08T15:47:57.361+01:00  INFO 19868 --- [gestion_livres] [           main] b.w.c.s.WebApplicationContextInitializer : Root WebApplicationContext: initialization completed in 1542 ms
2026-04-08T15:47:57.613+01:00  INFO 19868 --- [gestion_livres] [           main] org.hibernate.orm.jpa                    : HHH008540: Processing PersistenceUnitInfo [name: default]
2026-04-08T15:47:57.697+01:00  INFO 19868 --- [gestion_livres] [           main] org.hibernate.orm.core                   : HHH000001: Hibernate ORM core version 7.2.7.Final
2026-04-08T15:47:58.335+01:00  INFO 19868 --- [gestion_livres] [           main] o.s.o.j.p.SpringPersistenceUnitInfo      : No LoadTimeWeaver setup: ignoring JPA class transformer
2026-04-08T15:47:58.382+01:00  INFO 19868 --- [gestion_livres] [           main] com.zaxxer.hikari.HikariDataSource       : HikariPool-1 - Starting...
2026-04-08T15:47:58.607+01:00  INFO 19868 --- [gestion_livres] [           main] com.zaxxer.hikari.pool.HikariPool        : HikariPool-1 - Added connection com.mysql.cj.jdbc.ConnectionImpl@3ce7490a
2026-04-08T15:47:58.609+01:00  INFO 19868 --- [gestion_livres] [           main] com.zaxxer.hikari.HikariDataSource       : HikariPool-1 - Start completed.
2026-04-08T15:47:58.688+01:00  WARN 19868 --- [gestion_livres] [           main] org.hibernate.orm.core                   : HHH000511: The 5.5.5 version for [org.hibernate.dialect.MySQLDialect] is no longer supported, hence certain features may not work properly.The minimum supported version is 8.0.0. Check the community dialects project for available legacy versions.
2026-04-08T15:47:58.718+01:00  INFO 19868 --- [gestion_livres] [           main] org.hibernate.orm.connections.pooling    : HHH10001005: Database info:
	Database JDBC URL [jdbc:mysql://localhost:3306/gestion_livres?createDatabaseIfNotExist=true&serverTimezone=UTC]
	Database driver: MySQL Connector/J
	Database dialect: MySQLDialect
	Database version: 5.5.5
	Default catalog/schema: gestion_livres/undefined
	Autocommit mode: undefined/unknown
	Isolation level: REPEATABLE_READ [default REPEATABLE_READ]
	JDBC fetch size: none
	Pool: DataSourceConnectionProvider
	Minimum pool size: undefined/unknown
	Maximum pool size: undefined/unknown
2026-04-08T15:47:59.928+01:00  INFO 19868 --- [gestion_livres] [           main] org.hibernate.orm.core                   : HHH000489: No JTA platform available (set 'hibernate.transaction.jta.platform' to enable JTA platform integration)
2026-04-08T15:48:00.035+01:00  INFO 19868 --- [gestion_livres] [           main] j.LocalContainerEntityManagerFactoryBean : Initialized JPA EntityManagerFactory for persistence unit 'default'
2026-04-08T15:48:00.145+01:00  INFO 19868 --- [gestion_livres] [           main] o.s.d.j.r.query.QueryEnhancerFactories   : Hibernate is in classpath; If applicable, HQL parser will be used.
2026-04-08T15:48:00.551+01:00  WARN 19868 --- [gestion_livres] [           main] JpaBaseConfiguration$JpaWebConfiguration : spring.jpa.open-in-view is enabled by default. Therefore, database queries may be performed during view rendering. Explicitly configure spring.jpa.open-in-view to disable this warning
2026-04-08T15:48:00.577+01:00  INFO 19868 --- [gestion_livres] [           main] o.s.b.w.a.WelcomePageHandlerMapping      : Adding welcome page: class path resource [static/index.html]
2026-04-08T15:48:01.062+01:00  INFO 19868 --- [gestion_livres] [           main] o.s.boot.tomcat.TomcatWebServer          : Tomcat started on port 8083 (http) with context path '/'
2026-04-08T15:48:01.069+01:00  INFO 19868 --- [gestion_livres] [           main] m.s.SystemeGestionBibliotheueApplication : Started SystemeGestionBibliotheueApplication in 5.933 seconds (process running for 6.47)
2026-04-08T15:48:22.777+01:00  INFO 19868 --- [gestion_livres] [nio-8083-exec-1] o.a.c.c.C.[Tomcat].[localhost].[/]       : Initializing Spring DispatcherServlet 'dispatcherServlet'
2026-04-08T15:48:22.779+01:00  INFO 19868 --- [gestion_livres] [nio-8083-exec-1] o.s.web.servlet.DispatcherServlet        : Initializing Servlet 'dispatcherServlet'
2026-04-08T15:48:22.785+01:00  INFO 19868 --- [gestion_livres] [nio-8083-exec-1] o.s.web.servlet.DispatcherServlet        : Completed initialization in 5 ms
Hibernate: 
    select
        l1_0.id,
        l1_0.auteur,
        l1_0.categorie,
        l1_0.isbn,
        l1_0.titre 
    from
        livres l1_0 
    order by
        l1_0.id
Hibernate: 
    select
        e1_0.id,
        e1_0.date_emprunt,
        e1_0.date_retour,
        e1_0.livre_id,
        e1_0.utilisateur_id 
    from
        emprunts e1_0 
    where
        e1_0.date_retour<=?
Hibernate: 
    select
        e1_0.id,
        e1_0.date_emprunt,
        e1_0.date_retour,
        e1_0.livre_id,
        e1_0.utilisateur_id 
    from
        emprunts e1_0 
    order by
        e1_0.id
Hibernate: 
    select
        l1_0.id,
        l1_0.auteur,
        l1_0.categorie,
        l1_0.isbn,
        l1_0.titre 
    from
        livres l1_0 
    order by
        l1_0.id
Hibernate: 
    select
        e1_0.id,
        e1_0.date_emprunt,
        e1_0.date_retour,
        e1_0.livre_id,
        e1_0.utilisateur_id 
    from
        emprunts e1_0 
    where
        e1_0.date_retour<=?
Hibernate: 
    select
        e1_0.id,
        e1_0.date_emprunt,
        e1_0.date_retour,
        e1_0.livre_id,
        e1_0.utilisateur_id 
    from
        emprunts e1_0 
    order by
        e1_0.id
Hibernate: 
    select
        l1_0.id 
    from
        livres l1_0 
    where
        l1_0.isbn=? 
    limit
        ?
Hibernate: 
    insert 
    into
        livres
        (auteur, categorie, isbn, titre) 
    values
        (?, ?, ?, ?)
Hibernate: 
    select
        e1_0.id,
        e1_0.date_emprunt,
        e1_0.date_retour,
        e1_0.livre_id,
        e1_0.utilisateur_id 
    from
        emprunts e1_0 
    where
        e1_0.date_retour<=?
Hibernate: 
    select
        u1_0.id,
        u1_0.adresse,
        u1_0.email,
        u1_0.mot_de_passe,
        u1_0.nom,
        u1_0.telephone 
    from
        utilisateurs u1_0 
    where
        u1_0.id=?
Hibernate: 
    select
        e1_0.id,
        e1_0.date_emprunt,
        e1_0.date_retour,
        e1_0.livre_id,
        e1_0.utilisateur_id 
    from
        emprunts e1_0 
    where
        e1_0.livre_id=?
Hibernate: 
    insert 
    into
        emprunts
        (date_emprunt, date_retour, livre_id, utilisateur_id) 
    values
        (?, ?, ?, ?)
Hibernate: 
    select
        e1_0.id,
        e1_0.date_emprunt,
        e1_0.date_retour,
        e1_0.livre_id,
        e1_0.utilisateur_id 
    from
        emprunts e1_0 
    where
        e1_0.date_retour<=?
Hibernate: 
    select
        l1_0.id,
        l1_0.auteur,
        l1_0.categorie,
        l1_0.isbn,
        l1_0.titre 
    from
        livres l1_0 
    order by
        l1_0.id
Hibernate: 
    select
        e1_0.id,
        e1_0.date_emprunt,
        e1_0.date_retour,
        e1_0.livre_id,
        e1_0.utilisateur_id 
    from
        emprunts e1_0 
    order by
        e1_0.id
Hibernate: 
    select
        e1_0.id,
        e1_0.date_emprunt,
        e1_0.date_retour,
        e1_0.livre_id,
        e1_0.utilisateur_id 
    from
        emprunts e1_0 
    where
        e1_0.date_retour<=?
Hibernate: 
    select
        l1_0.id,
        l1_0.auteur,
        l1_0.categorie,
        l1_0.isbn,
        l1_0.titre 
    from
        livres l1_0 
    order by
        l1_0.id
Hibernate: 
    select
        e1_0.id,
        e1_0.date_emprunt,
        e1_0.date_retour,
        e1_0.livre_id,
        e1_0.utilisateur_id 
    from
        emprunts e1_0 
    order by
        e1_0.id
Hibernate: 
    select
        e1_0.id,
        e1_0.date_emprunt,
        e1_0.date_retour,
        e1_0.livre_id,
        e1_0.utilisateur_id 
    from
        emprunts e1_0 
    where
        e1_0.date_retour<=?
Hibernate: 
    select
        l1_0.id,
        l1_0.auteur,
        l1_0.categorie,
        l1_0.isbn,
        l1_0.titre 
    from
        livres l1_0 
    order by
        l1_0.id
Hibernate: 
    select
        e1_0.id,
        e1_0.date_emprunt,
        e1_0.date_retour,
        e1_0.livre_id,
        e1_0.utilisateur_id 
    from
        emprunts e1_0 
    order by
        e1_0.id
Hibernate: 
    select
        e1_0.id,
        e1_0.date_emprunt,
        e1_0.date_retour,
        e1_0.livre_id,
        e1_0.utilisateur_id 
    from
        emprunts e1_0 
    where
        e1_0.date_retour<=?
Hibernate: 
    select
        l1_0.id,
        l1_0.auteur,
        l1_0.categorie,
        l1_0.isbn,
        l1_0.titre 
    from
        livres l1_0 
    order by
        l1_0.id
Hibernate: 
    select
        e1_0.id,
        e1_0.date_emprunt,
        e1_0.date_retour,
        e1_0.livre_id,
        e1_0.utilisateur_id 
    from
        emprunts e1_0 
    order by
        e1_0.id
Hibernate: 
    select
        e1_0.id,
        e1_0.date_emprunt,
        e1_0.date_retour,
        e1_0.livre_id,
        e1_0.utilisateur_id 
    from
        emprunts e1_0 
    where
        e1_0.date_retour<=?
Hibernate: 
    select
        l1_0.id,
        l1_0.auteur,
        l1_0.categorie,
        l1_0.isbn,
        l1_0.titre 
    from
        livres l1_0 
    order by
        l1_0.id
Hibernate: 
    select
        e1_0.id,
        e1_0.date_emprunt,
        e1_0.date_retour,
        e1_0.livre_id,
        e1_0.utilisateur_id 
    from
        emprunts e1_0 
    order by
        e1_0.id
Hibernate: 
    select
        e1_0.id,
        e1_0.date_emprunt,
        e1_0.date_retour,
        e1_0.livre_id,
        e1_0.utilisateur_id 
    from
        emprunts e1_0 
    where
        e1_0.date_retour<=?
Hibernate: 
    select
        l1_0.id,
        l1_0.auteur,
        l1_0.categorie,
        l1_0.isbn,
        l1_0.titre 
    from
        livres l1_0 
    order by
        l1_0.id
Hibernate: 
    select
        e1_0.id,
        e1_0.date_emprunt,
        e1_0.date_retour,
        e1_0.livre_id,
        e1_0.utilisateur_id 
    from
        emprunts e1_0 
    order by
        e1_0.id
Hibernate: 
    select
        e1_0.id,
        e1_0.date_emprunt,
        e1_0.date_retour,
        e1_0.livre_id,
        e1_0.utilisateur_id 
    from
        emprunts e1_0 
    where
        e1_0.date_retour<=?
Hibernate: 
    select
        l1_0.id,
        l1_0.auteur,
        l1_0.categorie,
        l1_0.isbn,
        l1_0.titre 
    from
        livres l1_0 
    order by
        l1_0.id
Hibernate: 
    select
        e1_0.id,
        e1_0.date_emprunt,
        e1_0.date_retour,
        e1_0.livre_id,
        e1_0.utilisateur_id 
    from
        emprunts e1_0 
    order by
        e1_0.id
[ERROR] Failed to execute goal org.springframework.boot:spring-boot-maven-plugin:4.0.5:run (default-cli) on project Systeme-gestion-bibliotheue: Process terminated with exit code: -1 -> [Help 1]
[ERROR] 
[ERROR] To see the full stack trace of the errors, re-run Maven with the -e switch.
[ERROR] Re-run Maven using the -X switch to enable full debug logging.
[ERROR] 
[ERROR] For more information about the errors and possible solutions, please read the following articles:
[ERROR] [Help 1] http://cwiki.apache.org/confluence/display/MAVEN/MojoExecutionException
