
  .   ____          _            __ _ _
 /\\ / ___'_ __ _ _(_)_ __  __ _ \ \ \ \
( ( )\___ | '_ | '_| | '_ \/ _` | \ \ \ \
 \\/  ___)| |_)| | | | | || (_| |  ) ) ) )
  '  |____| .__|_| |_|_| |_\__, | / / / /
 =========|_|==============|___/=/_/_/_/

 :: Spring Boot ::                (v4.0.5)

2026-04-08T15:11:05.480+01:00  INFO 20684 --- [gestion_livres] [           main] m.s.SystemeGestionBibliotheueApplication : Starting SystemeGestionBibliotheueApplication using Java 21.0.10 with PID 20684 (C:\Users\khali\Desktop\poo java\Systeme-gestion-bibliotheue\target\classes started by khali in C:\Users\khali\Desktop\poo java\Systeme-gestion-bibliotheue)
2026-04-08T15:11:05.577+01:00  INFO 20684 --- [gestion_livres] [           main] m.s.SystemeGestionBibliotheueApplication : No active profile set, falling back to 1 default profile: "default"
2026-04-08T15:11:06.456+01:00  INFO 20684 --- [gestion_livres] [           main] .s.d.r.c.RepositoryConfigurationDelegate : Bootstrapping Spring Data JPA repositories in DEFAULT mode.
2026-04-08T15:11:06.573+01:00  INFO 20684 --- [gestion_livres] [           main] .s.d.r.c.RepositoryConfigurationDelegate : Finished Spring Data repository scanning in 78 ms. Found 3 JPA repository interfaces.
2026-04-08T15:11:07.615+01:00  INFO 20684 --- [gestion_livres] [           main] o.s.boot.tomcat.TomcatWebServer          : Tomcat initialized with port 8082 (http)
2026-04-08T15:11:07.703+01:00  INFO 20684 --- [gestion_livres] [           main] o.apache.catalina.core.StandardService   : Starting service [Tomcat]
2026-04-08T15:11:07.757+01:00  INFO 20684 --- [gestion_livres] [           main] o.apache.catalina.core.StandardEngine    : Starting Servlet engine: [Apache Tomcat/11.0.20]
2026-04-08T15:11:07.979+01:00  INFO 20684 --- [gestion_livres] [           main] b.w.c.s.WebApplicationContextInitializer : Root WebApplicationContext: initialization completed in 2267 ms
2026-04-08T15:11:08.247+01:00  INFO 20684 --- [gestion_livres] [           main] org.hibernate.orm.jpa                    : HHH008540: Processing PersistenceUnitInfo [name: default]
2026-04-08T15:11:08.347+01:00  INFO 20684 --- [gestion_livres] [           main] org.hibernate.orm.core                   : HHH000001: Hibernate ORM core version 7.2.7.Final
2026-04-08T15:11:08.976+01:00  INFO 20684 --- [gestion_livres] [           main] o.s.o.j.p.SpringPersistenceUnitInfo      : No LoadTimeWeaver setup: ignoring JPA class transformer
2026-04-08T15:11:09.086+01:00  INFO 20684 --- [gestion_livres] [           main] com.zaxxer.hikari.HikariDataSource       : HikariPool-1 - Starting...
2026-04-08T15:11:09.439+01:00  INFO 20684 --- [gestion_livres] [           main] com.zaxxer.hikari.pool.HikariPool        : HikariPool-1 - Added connection com.mysql.cj.jdbc.ConnectionImpl@1acc873b
2026-04-08T15:11:09.464+01:00  INFO 20684 --- [gestion_livres] [           main] com.zaxxer.hikari.HikariDataSource       : HikariPool-1 - Start completed.
2026-04-08T15:11:09.624+01:00  WARN 20684 --- [gestion_livres] [           main] org.hibernate.orm.core                   : HHH000511: The 5.5.5 version for [org.hibernate.dialect.MySQLDialect] is no longer supported, hence certain features may not work properly.The minimum supported version is 8.0.0. Check the community dialects project for available legacy versions.
2026-04-08T15:11:09.709+01:00  INFO 20684 --- [gestion_livres] [           main] org.hibernate.orm.connections.pooling    : HHH10001005: Database info:
	Database JDBC URL [jdbc:mysql://localhost:3306/gestion_livres?createDatabaseIfNotExist=true&serverTimezone=UTC]
	Database driver: MySQL Connector/J
	Database dialect: MySQLDialect
	Database version: 5.5.5
	Default catalog/schema: gestion_livres/undefined
	Autocommit mode: undefined/unknown
	Isolation level: REPEATABLE_READ [default REPEATABLE_READ]
	JDBC fetch size: none
	Pool: DataSourceConnectionProvider
	Minimum pool size: undefined/unknown
	Maximum pool size: undefined/unknown
2026-04-08T15:11:12.472+01:00  INFO 20684 --- [gestion_livres] [           main] org.hibernate.orm.core                   : HHH000489: No JTA platform available (set 'hibernate.transaction.jta.platform' to enable JTA platform integration)
2026-04-08T15:11:12.554+01:00  INFO 20684 --- [gestion_livres] [           main] j.LocalContainerEntityManagerFactoryBean : Initialized JPA EntityManagerFactory for persistence unit 'default'
2026-04-08T15:11:12.648+01:00  INFO 20684 --- [gestion_livres] [           main] o.s.d.j.r.query.QueryEnhancerFactories   : Hibernate is in classpath; If applicable, HQL parser will be used.
2026-04-08T15:11:13.003+01:00  WARN 20684 --- [gestion_livres] [           main] JpaBaseConfiguration$JpaWebConfiguration : spring.jpa.open-in-view is enabled by default. Therefore, database queries may be performed during view rendering. Explicitly configure spring.jpa.open-in-view to disable this warning
2026-04-08T15:11:13.029+01:00  INFO 20684 --- [gestion_livres] [           main] o.s.b.w.a.WelcomePageHandlerMapping      : Adding welcome page: class path resource [static/index.html]
2026-04-08T15:11:13.380+01:00  WARN 20684 --- [gestion_livres] [           main] ConfigServletWebServerApplicationContext : Exception encountered during context initialization - cancelling refresh attempt: org.springframework.context.ApplicationContextException: Failed to start bean 'webServerStartStop'
2026-04-08T15:11:13.382+01:00  INFO 20684 --- [gestion_livres] [           main] j.LocalContainerEntityManagerFactoryBean : Closing JPA EntityManagerFactory for persistence unit 'default'
2026-04-08T15:11:13.385+01:00  INFO 20684 --- [gestion_livres] [           main] com.zaxxer.hikari.HikariDataSource       : HikariPool-1 - Shutdown initiated...
2026-04-08T15:11:13.397+01:00  INFO 20684 --- [gestion_livres] [           main] com.zaxxer.hikari.HikariDataSource       : HikariPool-1 - Shutdown completed.
2026-04-08T15:11:13.410+01:00  INFO 20684 --- [gestion_livres] [           main] .s.b.a.l.ConditionEvaluationReportLogger : 

Error starting ApplicationContext. To display the condition evaluation report re-run your application with 'debug' enabled.
2026-04-08T15:11:13.428+01:00 ERROR 20684 --- [gestion_livres] [           main] o.s.b.d.LoggingFailureAnalysisReporter   : 

***************************
APPLICATION FAILED TO START
***************************

Description:

Web server failed to start. Port 8082 was already in use.

Action:

Identify and stop the process that's listening on port 8082 or configure this application to listen on another port.

[ERROR] Failed to execute goal org.springframework.boot:spring-boot-maven-plugin:4.0.5:run (default-cli) on project Systeme-gestion-bibliotheue: Process terminated with exit code: 1 -> [Help 1]
[ERROR] 
[ERROR] To see the full stack trace of the errors, re-run Maven with the -e switch.
[ERROR] Re-run Maven using the -X switch to enable full debug logging.
[ERROR] 
[ERROR] For more information about the errors and possible solutions, please read the following articles:
[ERROR] [Help 1] http://cwiki.apache.org/confluence/display/MAVEN/MojoExecutionException
