
  .   ____          _            __ _ _
 /\\ / ___'_ __ _ _(_)_ __  __ _ \ \ \ \
( ( )\___ | '_ | '_| | '_ \/ _` | \ \ \ \
 \\/  ___)| |_)| | | | | || (_| |  ) ) ) )
  '  |____| .__|_| |_|_| |_\__, | / / / /
 =========|_|==============|___/=/_/_/_/

 :: Spring Boot ::                (v4.0.5)

2026-04-08T14:33:50.113+01:00  INFO 16776 --- [gestion_livres] [           main] m.s.SystemeGestionBibliotheueApplication : Starting SystemeGestionBibliotheueApplication using Java 21.0.10 with PID 16776 (C:\Users\khali\Desktop\poo java\Systeme-gestion-bibliotheue\target\classes started by khali in C:\Users\khali\Desktop\poo java\Systeme-gestion-bibliotheue)
2026-04-08T14:33:50.131+01:00  INFO 16776 --- [gestion_livres] [           main] m.s.SystemeGestionBibliotheueApplication : No active profile set, falling back to 1 default profile: "default"
2026-04-08T14:33:52.563+01:00  INFO 16776 --- [gestion_livres] [           main] .s.d.r.c.RepositoryConfigurationDelegate : Bootstrapping Spring Data JPA repositories in DEFAULT mode.
2026-04-08T14:33:52.798+01:00  INFO 16776 --- [gestion_livres] [           main] .s.d.r.c.RepositoryConfigurationDelegate : Finished Spring Data repository scanning in 199 ms. Found 3 JPA repository interfaces.
2026-04-08T14:33:55.564+01:00  INFO 16776 --- [gestion_livres] [           main] o.s.boot.tomcat.TomcatWebServer          : Tomcat initialized with port 8081 (http)
2026-04-08T14:33:55.616+01:00  INFO 16776 --- [gestion_livres] [           main] o.apache.catalina.core.StandardService   : Starting service [Tomcat]
2026-04-08T14:33:55.618+01:00  INFO 16776 --- [gestion_livres] [           main] o.apache.catalina.core.StandardEngine    : Starting Servlet engine: [Apache Tomcat/11.0.20]
2026-04-08T14:33:55.827+01:00  INFO 16776 --- [gestion_livres] [           main] b.w.c.s.WebApplicationContextInitializer : Root WebApplicationContext: initialization completed in 5444 ms
2026-04-08T14:33:56.658+01:00  INFO 16776 --- [gestion_livres] [           main] org.hibernate.orm.jpa                    : HHH008540: Processing PersistenceUnitInfo [name: default]
2026-04-08T14:33:57.271+01:00  INFO 16776 --- [gestion_livres] [           main] org.hibernate.orm.core                   : HHH000001: Hibernate ORM core version 7.2.7.Final
2026-04-08T14:34:00.419+01:00  INFO 16776 --- [gestion_livres] [           main] o.s.o.j.p.SpringPersistenceUnitInfo      : No LoadTimeWeaver setup: ignoring JPA class transformer
2026-04-08T14:34:00.636+01:00  INFO 16776 --- [gestion_livres] [           main] com.zaxxer.hikari.HikariDataSource       : HikariPool-1 - Starting...
2026-04-08T14:34:01.827+01:00  INFO 16776 --- [gestion_livres] [           main] com.zaxxer.hikari.pool.HikariPool        : HikariPool-1 - Added connection com.mysql.cj.jdbc.ConnectionImpl@1f3c5308
2026-04-08T14:34:01.885+01:00  INFO 16776 --- [gestion_livres] [           main] com.zaxxer.hikari.HikariDataSource       : HikariPool-1 - Start completed.
2026-04-08T14:34:02.235+01:00  WARN 16776 --- [gestion_livres] [           main] org.hibernate.orm.core                   : HHH000511: The 5.5.5 version for [org.hibernate.dialect.MySQLDialect] is no longer supported, hence certain features may not work properly.The minimum supported version is 8.0.0. Check the community dialects project for available legacy versions.
2026-04-08T14:34:02.308+01:00  INFO 16776 --- [gestion_livres] [           main] org.hibernate.orm.connections.pooling    : HHH10001005: Database info:
	Database JDBC URL [jdbc:mysql://localhost:3306/gestion_livres?createDatabaseIfNotExist=true&serverTimezone=UTC]
	Database driver: MySQL Connector/J
	Database dialect: MySQLDialect
	Database version: 5.5.5
	Default catalog/schema: gestion_livres/undefined
	Autocommit mode: undefined/unknown
	Isolation level: REPEATABLE_READ [default REPEATABLE_READ]
	JDBC fetch size: none
	Pool: DataSourceConnectionProvider
	Minimum pool size: undefined/unknown
	Maximum pool size: undefined/unknown
2026-04-08T14:34:06.262+01:00  INFO 16776 --- [gestion_livres] [           main] org.hibernate.orm.core                   : HHH000489: No JTA platform available (set 'hibernate.transaction.jta.platform' to enable JTA platform integration)
2026-04-08T14:34:06.635+01:00  INFO 16776 --- [gestion_livres] [           main] j.LocalContainerEntityManagerFactoryBean : Initialized JPA EntityManagerFactory for persistence unit 'default'
2026-04-08T14:34:06.993+01:00  INFO 16776 --- [gestion_livres] [           main] o.s.d.j.r.query.QueryEnhancerFactories   : Hibernate is in classpath; If applicable, HQL parser will be used.
2026-04-08T14:34:08.129+01:00  WARN 16776 --- [gestion_livres] [           main] JpaBaseConfiguration$JpaWebConfiguration : spring.jpa.open-in-view is enabled by default. Therefore, database queries may be performed during view rendering. Explicitly configure spring.jpa.open-in-view to disable this warning
2026-04-08T14:34:09.528+01:00  INFO 16776 --- [gestion_livres] [           main] o.s.boot.tomcat.TomcatWebServer          : Tomcat started on port 8081 (http) with context path '/'
2026-04-08T14:34:09.548+01:00  INFO 16776 --- [gestion_livres] [           main] m.s.SystemeGestionBibliotheueApplication : Started SystemeGestionBibliotheueApplication in 21.384 seconds (process running for 22.45)
